#
# There is insufficient memory for the Java Runtime Environment to continue.
# Native memory allocation (malloc) failed to allocate 2951216 bytes for Chunk::new
# Possible reasons:
#   The system is out of physical RAM or swap space
#   In 32 bit mode, the process size limit was hit
# Possible solutions:
#   Reduce memory load on the system
#   Increase physical memory or swap space
#   Check if swap backing store is full
#   Use 64 bit Java on a 64 bit OS
#   Decrease Java heap size (-Xmx/-Xms)
#   Decrease number of Java threads
#   Decrease Java thread stack sizes (-Xss)
#   Set larger code cache with -XX:ReservedCodeCacheSize=
# This output file may be truncated or incomplete.
#
#  Out of Memory Error (allocation.cpp:390), pid=52536, tid=0x000000000000c470
#
# JRE version: Java(TM) SE Runtime Environment (8.0_101-b13) (build 1.8.0_101-b13)
# Java VM: Java HotSpot(TM) 64-Bit Server VM (25.101-b13 mixed mode windows-amd64 compressed oops)
# Failed to write core dump. Minidumps are not enabled by default on client versions of Windows
#

---------------  T H R E A D  ---------------

Current thread (0x000000001c14e000):  JavaThread "C2 CompilerThread1" daemon [_thread_in_native, id=50288, stack(0x000000001ded0000,0x000000001dfd0000)]

Stack: [0x000000001ded0000,0x000000001dfd0000]
[error occurred during error reporting (printing stack bounds), id 0xc0000005]

Native frames: (J=compiled Java code, j=interpreted, Vv=VM code, C=native code)


Current CompileTask:
C2:   7411 2336 %     4       com.zive.bi.BiDao::getItemInfoForProduct @ 134 (343 bytes)


---------------  P R O C E S S  ---------------

Java Threads: ( => current thread )
  0x000000001d51a800 JavaThread "Service Thread" daemon [_thread_blocked, id=53212, stack(0x000000001e0d0000,0x000000001e1d0000)]
  0x000000001c14f000 JavaThread "C1 CompilerThread2" daemon [_thread_blocked, id=25340, stack(0x000000001dfd0000,0x000000001e0d0000)]
=>0x000000001c14e000 JavaThread "C2 CompilerThread1" daemon [_thread_in_native, id=50288, stack(0x000000001ded0000,0x000000001dfd0000)]
  0x000000001c14b800 JavaThread "C2 CompilerThread0" daemon [_thread_blocked, id=46096, stack(0x000000001ddd0000,0x000000001ded0000)]
  0x000000001c135800 JavaThread "JDWP Command Reader" daemon [_thread_in_native, id=23608, stack(0x000000001dcd0000,0x000000001ddd0000)]
  0x000000001c134000 JavaThread "JDWP Event Helper Thread" daemon [_thread_blocked, id=34456, stack(0x000000001dbd0000,0x000000001dcd0000)]
  0x000000001c126800 JavaThread "JDWP Transport Listener: dt_socket" daemon [_thread_blocked, id=35064, stack(0x000000001da70000,0x000000001db70000)]
  0x000000001c11a800 JavaThread "Attach Listener" daemon [_thread_blocked, id=24920, stack(0x000000001d970000,0x000000001da70000)]
  0x000000001d4b3800 JavaThread "Signal Dispatcher" daemon [_thread_blocked, id=39624, stack(0x000000001d870000,0x000000001d970000)]
  0x000000001c0ea800 JavaThread "Finalizer" daemon [_thread_blocked, id=45480, stack(0x000000001d370000,0x000000001d470000)]
  0x0000000002b83000 JavaThread "Reference Handler" daemon [_thread_blocked, id=30504, stack(0x000000001d270000,0x000000001d370000)]
  0x0000000002a94800 JavaThread "main" [_thread_in_native, id=46624, stack(0x0000000002900000,0x0000000002a00000)]

Other Threads:
  0x000000001c0c7800 VMThread [stack: 0x000000001d170000,0x000000001d270000] [id=12412]
  0x000000001d57d000 WatcherThread [stack: 0x000000001e1d0000,0x000000001e2d0000] [id=51556]

VM state:not at safepoint (normal execution)

VM Mutex/Monitor currently owned by a thread: None

Heap:
 PSYoungGen      total 75776K, used 63343K [0x000000076b700000, 0x0000000774b00000, 0x00000007c0000000)
  eden space 65024K, 80% used [0x000000076b700000,0x000000076ea5cdf0,0x000000076f680000)
  from space 10752K, 99% used [0x000000076f680000,0x00000007700ff030,0x0000000770100000)
  to   space 10752K, 0% used [0x0000000774080000,0x0000000774080000,0x0000000774b00000)
 ParOldGen       total 173568K, used 174K [0x00000006c2400000, 0x00000006ccd80000, 0x000000076b700000)
  object space 173568K, 0% used [0x00000006c2400000,0x00000006c242b950,0x00000006ccd80000)
 Metaspace       used 15793K, capacity 16034K, committed 16128K, reserved 1062912K
  class space    used 1673K, capacity 1719K, committed 1792K, reserved 1048576K

Card table byte_map: [0x0000000011f50000,0x0000000012740000] byte_map_base: 0x000000000e93e000

Marking Bits: (ParMarkBitMap*) 0x00000000565ea6d0
 Begin Bits: [0x0000000013090000, 0x0000000017000000)
 End Bits:   [0x0000000017000000, 0x000000001af70000)

Polling page: 0x0000000000d30000

CodeCache: size=245760Kb used=8724Kb max_used=8741Kb free=237035Kb
 bounds [0x0000000002b90000, 0x0000000003430000, 0x0000000011b90000]
 total_blobs=2728 nmethods=2312 adapters=337
 compilation: enabled

Compilation events (10 events):
Event: 7.292 Thread 0x000000001c14b800 2261       4       org.apache.ibatis.reflection.Reflector::findPropertyName (20 bytes)
Event: 7.298 Thread 0x000000001c14b800 nmethod 2261 0x0000000003406650 code [0x00000000034067e0, 0x0000000003406f48]
Event: 7.298 Thread 0x000000001c14b800 2227       4       org.apache.ibatis.type.StringTypeHandler::getNullableResult (7 bytes)
Event: 7.299 Thread 0x000000001c14b800 nmethod 2227 0x00000000033ee650 code [0x00000000033ee7a0, 0x00000000033ee918]
Event: 7.299 Thread 0x000000001c14b800 2228       4       com.mysql.jdbc.ResultSetImpl::getString (10 bytes)
Event: 7.299 Thread 0x000000001c14b800 nmethod 2228 0x0000000003403fd0 code [0x0000000003404120, 0x00000000034041f8]
Event: 7.299 Thread 0x000000001c14b800 2267       4       java.lang.Integer::valueOf (32 bytes)
Event: 7.300 Thread 0x000000001c14b800 nmethod 2267 0x0000000003408010 code [0x0000000003408160, 0x0000000003408258]
Event: 7.300 Thread 0x000000001c14b800 2224       4       java.lang.reflect.AccessibleObject::setAccessible0 (42 bytes)
Event: 7.301 Thread 0x000000001c14b800 nmethod 2224 0x0000000003407d50 code [0x0000000003407ea0, 0x0000000003407f38]

GC Heap History (6 events):
Event: 0.928 GC heap before
{Heap before GC invocations=1 (full 0):
 PSYoungGen      total 75776K, used 65024K [0x000000076b700000, 0x0000000770b80000, 0x00000007c0000000)
  eden space 65024K, 100% used [0x000000076b700000,0x000000076f680000,0x000000076f680000)
  from space 10752K, 0% used [0x0000000770100000,0x0000000770100000,0x0000000770b80000)
  to   space 10752K, 0% used [0x000000076f680000,0x000000076f680000,0x0000000770100000)
 ParOldGen       total 173568K, used 0K [0x00000006c2400000, 0x00000006ccd80000, 0x000000076b700000)
  object space 173568K, 0% used [0x00000006c2400000,0x00000006c2400000,0x00000006ccd80000)
 Metaspace       used 10394K, capacity 10512K, committed 10752K, reserved 1058816K
  class space    used 1241K, capacity 1267K, committed 1280K, reserved 1048576K
Event: 0.933 GC heap after
Heap after GC invocations=1 (full 0):
 PSYoungGen      total 75776K, used 5073K [0x000000076b700000, 0x0000000770b80000, 0x00000007c0000000)
  eden space 65024K, 0% used [0x000000076b700000,0x000000076b700000,0x000000076f680000)
  from space 10752K, 47% used [0x000000076f680000,0x000000076fb746b8,0x0000000770100000)
  to   space 10752K, 0% used [0x0000000770100000,0x0000000770100000,0x0000000770b80000)
 ParOldGen       total 173568K, used 16K [0x00000006c2400000, 0x00000006ccd80000, 0x000000076b700000)
  object space 173568K, 0% used [0x00000006c2400000,0x00000006c2404000,0x00000006ccd80000)
 Metaspace       used 10394K, capacity 10512K, committed 10752K, reserved 1058816K
  class space    used 1241K, capacity 1267K, committed 1280K, reserved 1048576K
}
Event: 1.182 GC heap before
{Heap before GC invocations=2 (full 0):
 PSYoungGen      total 75776K, used 70097K [0x000000076b700000, 0x0000000770b80000, 0x00000007c0000000)
  eden space 65024K, 100% used [0x000000076b700000,0x000000076f680000,0x000000076f680000)
  from space 10752K, 47% used [0x000000076f680000,0x000000076fb746b8,0x0000000770100000)
  to   space 10752K, 0% used [0x0000000770100000,0x0000000770100000,0x0000000770b80000)
 ParOldGen       total 173568K, used 16K [0x00000006c2400000, 0x00000006ccd80000, 0x000000076b700000)
  object space 173568K, 0% used [0x00000006c2400000,0x00000006c2404000,0x00000006ccd80000)
 Metaspace       used 11357K, capacity 11484K, committed 11648K, reserved 1058816K
  class space    used 1297K, capacity 1333K, committed 1408K, reserved 1048576K
Event: 1.188 GC heap after
Heap after GC invocations=2 (full 0):
 PSYoungGen      total 75776K, used 4736K [0x000000076b700000, 0x0000000774b00000, 0x00000007c0000000)
  eden space 65024K, 0% used [0x000000076b700000,0x000000076b700000,0x000000076f680000)
  from space 10752K, 44% used [0x0000000770100000,0x00000007705a02f8,0x0000000770b80000)
  to   space 10752K, 0% used [0x000000076f680000,0x000000076f680000,0x0000000770100000)
 ParOldGen       total 173568K, used 88K [0x00000006c2400000, 0x00000006ccd80000, 0x000000076b700000)
  object space 173568K, 0% used [0x00000006c2400000,0x00000006c2416010,0x00000006ccd80000)
 Metaspace       used 11357K, capacity 11484K, committed 11648K, reserved 1058816K
  class space    used 1297K, capacity 1333K, committed 1408K, reserved 1048576K
}
Event: 2.494 GC heap before
{Heap before GC invocations=3 (full 0):
 PSYoungGen      total 75776K, used 69760K [0x000000076b700000, 0x0000000774b00000, 0x00000007c0000000)
  eden space 65024K, 100% used [0x000000076b700000,0x000000076f680000,0x000000076f680000)
  from space 10752K, 44% used [0x0000000770100000,0x00000007705a02f8,0x0000000770b80000)
  to   space 10752K, 0% used [0x000000076f680000,0x000000076f680000,0x0000000770100000)
 ParOldGen       total 173568K, used 88K [0x00000006c2400000, 0x00000006ccd80000, 0x000000076b700000)
  object space 173568K, 0% used [0x00000006c2400000,0x00000006c2416010,0x00000006ccd80000)
 Metaspace       used 15233K, capacity 15424K, committed 15616K, reserved 1062912K
  class space    used 1633K, capacity 1692K, committed 1792K, reserved 1048576K
Event: 2.504 GC heap after
Heap after GC invocations=3 (full 0):
 PSYoungGen      total 75776K, used 10748K [0x000000076b700000, 0x0000000774b00000, 0x00000007c0000000)
  eden space 65024K, 0% used [0x000000076b700000,0x000000076b700000,0x000000076f680000)
  from space 10752K, 99% used [0x000000076f680000,0x00000007700ff030,0x0000000770100000)
  to   space 10752K, 0% used [0x0000000774080000,0x0000000774080000,0x0000000774b00000)
 ParOldGen       total 173568K, used 174K [0x00000006c2400000, 0x00000006ccd80000, 0x000000076b700000)
  object space 173568K, 0% used [0x00000006c2400000,0x00000006c242b950,0x00000006ccd80000)
 Metaspace       used 15233K, capacity 15424K, committed 15616K, reserved 1062912K
  class space    used 1633K, capacity 1692K, committed 1792K, reserved 1048576K
}

Deoptimization events (10 events):
Event: 6.083 Thread 0x0000000002a94800 Uncommon trap: reason=class_check action=maybe_recompile pc=0x00000000032e3730 method=org.apache.ibatis.reflection.MetaObject.setValue(Ljava/lang/String;Ljava/lang/Object;)V @ 82
Event: 6.083 Thread 0x0000000002a94800 Uncommon trap: reason=class_check action=maybe_recompile pc=0x00000000032e3730 method=org.apache.ibatis.reflection.MetaObject.setValue(Ljava/lang/String;Ljava/lang/Object;)V @ 82
Event: 6.083 Thread 0x0000000002a94800 Uncommon trap: reason=unstable_if action=reinterpret pc=0x00000000032daef0 method=java.lang.reflect.Method.invoke(Ljava/lang/Object;[Ljava/lang/Object;)Ljava/lang/Object; @ 4
Event: 6.083 Thread 0x0000000002a94800 Uncommon trap: reason=unstable_if action=reinterpret pc=0x00000000031dfc18 method=java.lang.CharacterData.of(I)Ljava/lang/CharacterData; @ 4
Event: 7.040 Thread 0x0000000002a94800 Uncommon trap: reason=null_check action=make_not_entrant pc=0x000000000326b0c4 method=org.apache.ibatis.executor.resultset.ResultSetWrapper.getTypeHandler(Ljava/lang/Class;Ljava/lang/String;)Lorg/apache/ibatis/type/TypeHandler; @ 12
Event: 7.041 Thread 0x0000000002a94800 Uncommon trap: reason=unstable_if action=reinterpret pc=0x000000000328ca38 method=com.mysql.jdbc.ResultSetImpl.findColumn(Ljava/lang/String;)I @ 8
Event: 7.044 Thread 0x0000000002a94800 Uncommon trap: reason=null_check action=make_not_entrant pc=0x00000000032e6414 method=org.apache.ibatis.reflection.Reflector.findPropertyName(Ljava/lang/String;)Ljava/lang/String; @ 16
Event: 7.046 Thread 0x0000000002a94800 Uncommon trap: reason=null_check action=make_not_entrant pc=0x00000000032ded00 method=org.apache.ibatis.reflection.Reflector.findPropertyName(Ljava/lang/String;)Ljava/lang/String; @ 16
Event: 7.273 Thread 0x0000000002a94800 Uncommon trap: reason=class_check action=maybe_recompile pc=0x00000000032e3730 method=org.apache.ibatis.reflection.MetaObject.setValue(Ljava/lang/String;Ljava/lang/Object;)V @ 82
Event: 7.273 Thread 0x0000000002a94800 Uncommon trap: reason=class_check action=maybe_recompile pc=0x00000000032e3730 method=org.apache.ibatis.reflection.MetaObject.setValue(Ljava/lang/String;Ljava/lang/Object;)V @ 82

Internal exceptions (10 events):
Event: 1.285 Thread 0x0000000002a94800 Exception <a 'java/security/PrivilegedActionException'> (0x000000076d552f38) thrown at [C:\re\workspace\8-2-build-windows-amd64-cygwin\jdk8u101\7261\hotspot\src\share\vm\prims\jvm.cpp, line 1386]
Event: 1.285 Thread 0x0000000002a94800 Exception <a 'java/security/PrivilegedActionException'> (0x000000076d55de98) thrown at [C:\re\workspace\8-2-build-windows-amd64-cygwin\jdk8u101\7261\hotspot\src\share\vm\prims\jvm.cpp, line 1386]
Event: 1.285 Thread 0x0000000002a94800 Exception <a 'java/security/PrivilegedActionException'> (0x000000076d55e290) thrown at [C:\re\workspace\8-2-build-windows-amd64-cygwin\jdk8u101\7261\hotspot\src\share\vm\prims\jvm.cpp, line 1386]
Event: 1.285 Thread 0x0000000002a94800 Exception <a 'java/security/PrivilegedActionException'> (0x000000076d568f90) thrown at [C:\re\workspace\8-2-build-windows-amd64-cygwin\jdk8u101\7261\hotspot\src\share\vm\prims\jvm.cpp, line 1386]
Event: 1.286 Thread 0x0000000002a94800 Exception <a 'java/security/PrivilegedActionException'> (0x000000076d569388) thrown at [C:\re\workspace\8-2-build-windows-amd64-cygwin\jdk8u101\7261\hotspot\src\share\vm\prims\jvm.cpp, line 1386]
Event: 1.286 Thread 0x0000000002a94800 Exception <a 'java/security/PrivilegedActionException'> (0x000000076d5745f8) thrown at [C:\re\workspace\8-2-build-windows-amd64-cygwin\jdk8u101\7261\hotspot\src\share\vm\prims\jvm.cpp, line 1386]
Event: 1.286 Thread 0x0000000002a94800 Exception <a 'java/security/PrivilegedActionException'> (0x000000076d5749f0) thrown at [C:\re\workspace\8-2-build-windows-amd64-cygwin\jdk8u101\7261\hotspot\src\share\vm\prims\jvm.cpp, line 1386]
Event: 1.286 Thread 0x0000000002a94800 Exception <a 'java/security/PrivilegedActionException'> (0x000000076d57ff68) thrown at [C:\re\workspace\8-2-build-windows-amd64-cygwin\jdk8u101\7261\hotspot\src\share\vm\prims\jvm.cpp, line 1386]
Event: 1.286 Thread 0x0000000002a94800 Exception <a 'java/security/PrivilegedActionException'> (0x000000076d580360) thrown at [C:\re\workspace\8-2-build-windows-amd64-cygwin\jdk8u101\7261\hotspot\src\share\vm\prims\jvm.cpp, line 1386]
Event: 7.040 Thread 0x0000000002a94800 Implicit null exception at 0x000000000326aaa0 to 0x000000000326b0b9

Events (10 events):
Event: 7.271 Executing VM operation: RevokeBias
Event: 7.271 Executing VM operation: RevokeBias done
Event: 7.271 Thread 0x0000000002a94800 DEOPT PACKING pc=0x0000000002d15b1c sp=0x00000000029fe5d0
Event: 7.271 Thread 0x0000000002a94800 DEOPT UNPACKING pc=0x0000000002bd747f sp=0x00000000029fe3f0 mode 1
Event: 7.273 Thread 0x0000000002a94800 Uncommon trap: trap_request=0xffffffde fr.pc=0x00000000032e3730
Event: 7.273 Thread 0x0000000002a94800 DEOPT PACKING pc=0x00000000032e3730 sp=0x00000000029ff310
Event: 7.273 Thread 0x0000000002a94800 DEOPT UNPACKING pc=0x0000000002bd582a sp=0x00000000029ff348 mode 2
Event: 7.273 Thread 0x0000000002a94800 Uncommon trap: trap_request=0xffffffde fr.pc=0x00000000032e3730
Event: 7.273 Thread 0x0000000002a94800 DEOPT PACKING pc=0x00000000032e3730 sp=0x00000000029ff310
Event: 7.273 Thread 0x0000000002a94800 DEOPT UNPACKING pc=0x0000000002bd582a sp=0x00000000029ff348 mode 2


Dynamic libraries:
0x00007ff660c70000 - 0x00007ff660ca7000 	C:\Program Files\Java\jre1.8.0_101\bin\javaw.exe
0x00007ffc2e1a0000 - 0x00007ffc2e381000 	C:\Windows\SYSTEM32\ntdll.dll
0x00007ffc2b940000 - 0x00007ffc2b9f1000 	C:\Windows\System32\KERNEL32.DLL
0x00007ffc2a650000 - 0x00007ffc2a8c3000 	C:\Windows\System32\KERNELBASE.dll
0x00007ffc2df20000 - 0x00007ffc2dfc1000 	C:\Windows\System32\ADVAPI32.dll
0x00007ffc2ddc0000 - 0x00007ffc2de5e000 	C:\Windows\System32\msvcrt.dll
0x00007ffc2dae0000 - 0x00007ffc2db3b000 	C:\Windows\System32\sechost.dll
0x00007ffc2bee0000 - 0x00007ffc2c004000 	C:\Windows\System32\RPCRT4.dll
0x00007ffc2dfd0000 - 0x00007ffc2e161000 	C:\Windows\System32\USER32.dll
0x00007ffc2aaf0000 - 0x00007ffc2ab10000 	C:\Windows\System32\win32u.dll
0x00007ffc2d5d0000 - 0x00007ffc2d5f8000 	C:\Windows\System32\GDI32.dll
0x00007ffc2a950000 - 0x00007ffc2aae1000 	C:\Windows\System32\gdi32full.dll
0x00007ffc2adb0000 - 0x00007ffc2ae4f000 	C:\Windows\System32\msvcp_win.dll
0x00007ffc2a550000 - 0x00007ffc2a648000 	C:\Windows\System32\ucrtbase.dll
0x00007ffc1ab70000 - 0x00007ffc1add9000 	C:\Windows\WinSxS\amd64_microsoft.windows.common-controls_6595b64144ccf1df_6.0.17134.1184_none_d403e8b37c8ca406\COMCTL32.dll
0x00007ffc2b610000 - 0x00007ffc2b931000 	C:\Windows\System32\combase.dll
0x00007ffc2a8d0000 - 0x00007ffc2a949000 	C:\Windows\System32\bcryptPrimitives.dll
0x00007ffc2be50000 - 0x00007ffc2be7d000 	C:\Windows\System32\IMM32.DLL
0x0000000054e20000 - 0x0000000054ef2000 	C:\Program Files\Java\jre1.8.0_101\bin\msvcr100.dll
0x0000000055dd0000 - 0x000000005666a000 	C:\Program Files\Java\jre1.8.0_101\bin\server\jvm.dll
0x00007ffc2c170000 - 0x00007ffc2c178000 	C:\Windows\System32\PSAPI.DLL
0x00007ffc2a0b0000 - 0x00007ffc2a0ba000 	C:\Windows\SYSTEM32\VERSION.dll
0x00007ffc28760000 - 0x00007ffc28783000 	C:\Windows\SYSTEM32\WINMM.dll
0x00007ffc15f90000 - 0x00007ffc15f99000 	C:\Windows\SYSTEM32\WSOCK32.dll
0x00007ffc2d600000 - 0x00007ffc2d66c000 	C:\Windows\System32\WS2_32.dll
0x00007ffc28730000 - 0x00007ffc2875a000 	C:\Windows\SYSTEM32\winmmbase.dll
0x00007ffc2ae50000 - 0x00007ffc2ae99000 	C:\Windows\System32\cfgmgr32.dll
0x0000000055ce0000 - 0x0000000055cef000 	C:\Program Files\Java\jre1.8.0_101\bin\verify.dll
0x0000000055cb0000 - 0x0000000055cd9000 	C:\Program Files\Java\jre1.8.0_101\bin\java.dll
0x0000000056fe0000 - 0x0000000057015000 	C:\Program Files\Java\jre1.8.0_101\bin\jdwp.dll
0x0000000056fd0000 - 0x0000000056fd8000 	C:\Program Files\Java\jre1.8.0_101\bin\npt.dll
0x0000000055c60000 - 0x0000000055c76000 	C:\Program Files\Java\jre1.8.0_101\bin\zip.dll
0x00007ffc2c180000 - 0x00007ffc2d5c5000 	C:\Windows\System32\SHELL32.dll
0x00007ffc2de60000 - 0x00007ffc2df09000 	C:\Windows\System32\shcore.dll
0x00007ffc2aea0000 - 0x00007ffc2b5b0000 	C:\Windows\System32\windows.storage.dll
0x00007ffc2db40000 - 0x00007ffc2db91000 	C:\Windows\System32\shlwapi.dll
0x00007ffc2a530000 - 0x00007ffc2a541000 	C:\Windows\System32\kernel.appcore.dll
0x00007ffc2a500000 - 0x00007ffc2a51f000 	C:\Windows\System32\profapi.dll
0x00007ffc2a4b0000 - 0x00007ffc2a4fc000 	C:\Windows\System32\powrprof.dll
0x00007ffc2a520000 - 0x00007ffc2a52a000 	C:\Windows\System32\FLTLIB.DLL
0x0000000056fc0000 - 0x0000000056fc9000 	C:\Program Files\Java\jre1.8.0_101\bin\dt_socket.dll
0x00007ffc15570000 - 0x00007ffc15586000 	C:\Windows\system32\napinsp.dll
0x00007ffc15520000 - 0x00007ffc1553a000 	C:\Windows\system32\pnrpnsp.dll
0x00007ffc26db0000 - 0x00007ffc26dc9000 	C:\Windows\system32\NLAapi.dll
0x00007ffc29cb0000 - 0x00007ffc29d16000 	C:\Windows\System32\mswsock.dll
0x00007ffc29a40000 - 0x00007ffc29afe000 	C:\Windows\SYSTEM32\DNSAPI.dll
0x00007ffc2c100000 - 0x00007ffc2c108000 	C:\Windows\System32\NSI.dll
0x00007ffc29a00000 - 0x00007ffc29a38000 	C:\Windows\SYSTEM32\IPHLPAPI.DLL
0x00007ffc155f0000 - 0x00007ffc155fe000 	C:\Windows\System32\winrnr.dll
0x00007ffc238f0000 - 0x00007ffc23905000 	C:\Windows\System32\wshbth.dll
0x0000000056e80000 - 0x0000000056ea6000 	C:\Program Files\Bonjour\mdnsNSP.dll
0x00007ffc1eb90000 - 0x00007ffc1ec02000 	C:\Windows\System32\fwpuclnt.dll
0x00007ffc29f90000 - 0x00007ffc29fb5000 	C:\Windows\SYSTEM32\bcrypt.dll
0x00007ffc1e760000 - 0x00007ffc1e76a000 	C:\Windows\System32\rasadhlp.dll
0x0000000056fb0000 - 0x0000000056fbd000 	C:\Program Files\Java\jre1.8.0_101\bin\management.dll
0x0000000055c40000 - 0x0000000055c5a000 	C:\Program Files\Java\jre1.8.0_101\bin\net.dll
0x0000000055c20000 - 0x0000000055c31000 	C:\Program Files\Java\jre1.8.0_101\bin\nio.dll

VM Arguments:
jvm_args: -agentlib:jdwp=transport=dt_socket,suspend=y,address=localhost:7147 -Dfile.encoding=UTF-8 
java_command: com.zive.bi.BiDao
java_class_path (initial): E:\MrZive\workspace-test\MrZive\target\classes;E:\MrZive\tomcat\apache-tomcat-test-8.0.41\lib\annotations-api.jar;E:\MrZive\tomcat\apache-tomcat-test-8.0.41\lib\catalina-ant.jar;E:\MrZive\tomcat\apache-tomcat-test-8.0.41\lib\catalina-ha.jar;E:\MrZive\tomcat\apache-tomcat-test-8.0.41\lib\catalina-storeconfig.jar;E:\MrZive\tomcat\apache-tomcat-test-8.0.41\lib\catalina-tribes.jar;E:\MrZive\tomcat\apache-tomcat-test-8.0.41\lib\catalina.jar;E:\MrZive\tomcat\apache-tomcat-test-8.0.41\lib\commons-logging-1.2.jar;E:\MrZive\tomcat\apache-tomcat-test-8.0.41\lib\commons-pool2-2.2.jar;E:\MrZive\tomcat\apache-tomcat-test-8.0.41\lib\commons-pool2-2.4.1.jar;E:\MrZive\tomcat\apache-tomcat-test-8.0.41\lib\ecj-4.5.1.jar;E:\MrZive\tomcat\apache-tomcat-test-8.0.41\lib\el-api.jar;E:\MrZive\tomcat\apache-tomcat-test-8.0.41\lib\jasper-el.jar;E:\MrZive\tomcat\apache-tomcat-test-8.0.41\lib\jasper.jar;E:\MrZive\tomcat\apache-tomcat-test-8.0.41\lib\jedis-2.5.2.jar;E:\MrZive\tomcat\apache-tomcat-test-8.0.41\lib\jedis-2.8.0.jar;E:\MrZive\tomcat\apache-tomcat-test-8.0.41\lib\jsp-api.jar;E:\MrZive\tomcat\apache-tomcat-test-8.0.41\lib\servlet-api.jar;E:\MrZive\tomcat\apache-tomcat-test-8.0.41\lib\tomcat-api.jar;E:\MrZive\tomcat\apache-tomcat-test-8.0.41\lib\tomcat-coyote.jar;E:\MrZive\tomcat\apache-tomcat-test-8.0.41\lib\tomcat-dbcp.jar;E:\MrZive\tomcat\apache-tomcat-test-8.0.41\lib\tomcat-i18n-es.jar;E:\MrZive\tomcat\apache-tomcat-test-8.0.41\lib\tomcat-i18n-fr.jar;E:\MrZive\tomcat\apache-tomcat-test-8.0.41\lib\tomcat-i18n-ja.jar;E:\MrZive\tomcat\apache-tomcat-test-8.0.41\lib\tomcat-jdbc.jar;E:\MrZive\tomcat\apache-tomcat-test-8.0.41\lib\tomcat-jni.jar;E:\MrZive\tomcat\apache-tomcat-test-8.0.41\lib\tomcat-redis-session-manage-tomcat7.jar;E:\MrZive\tomcat\apache-tomcat-test-8.0.41\lib\tomcat-util-scan.jar;E:\MrZive\tomcat\apache-tomcat-test-8.0.41\lib\tomcat-util.jar;E:\MrZive\tomcat\apache-tomcat-test-8.0.41\lib\tomcat-websocket.jar;E:\MrZive\tomcat\apache-tomcat-test
Launcher Type: SUN_STANDARD

Environment Variables:
JAVA_HOME=C:\Program Files\Java\jdk1.8.0_101
CLASSPATH=.;C:\Program Files\Java\jdk1.8.0_101\lib\dt.jar;C:\Program Files\Java\jdk1.8.0_101\lib\tools.jar;
PATH=C:/Program Files/Java/jre1.8.0_101/bin/server;C:/Program Files/Java/jre1.8.0_101/bin;C:/Program Files/Java/jre1.8.0_101/lib/amd64;C:\Users\Administrator\Scripts\;C:\Users\Administrator\;C:\ProgramData\Oracle\Java\javapath;C:\Windows\system32;C:\Windows;C:\Windows\System32\Wbem;C:\Windows\System32\WindowsPowerShell\v1.0\;C:\Windows\System32\OpenSSH\;C:\Program Files\gradle-5.2.1\bin;C:\nodejs\;E:\MrZive\Git\cmd;C:\Program Files\Java\jdk1.8.0_101\bin;C:\Program Files\Java\jdk1.8.0_101\jre\bin;E:\MrZive\appzidonghua\Andriod_SDK\tools;E:\MrZive\appzidonghua\Andriod_SDK\platform-tools;E:/MrZive/IntelliJ IDEA 2020.3/plugins/maven/lib/maven3\bin;C:\Users\Administrator\AppData\Local\Microsoft\WindowsApps;C:\Users\Administrator\AppData\Roaming\npm;C:\nodejs\node_global;"C:\Program Files\Java\jdk1.8.0_101\bin;C:\Program Files\Java\jdk1.8.0_101\jre\bin";"E:\MrZive\tomcat\old\apache-tomcat-8.5.11\bin;";;E:\MrZive\eclipse - test;
USERNAME=Administrator
OS=Windows_NT
PROCESSOR_IDENTIFIER=Intel64 Family 6 Model 158 Stepping 10, GenuineIntel



---------------  S Y S T E M  ---------------

OS: Windows 10.0 , 64 bit Build 17134 (10.0.17134.753)

CPU:total 4 (2 cores per cpu, 2 threads per core) family 6 model 158 stepping 10, cmov, cx8, fxsr, mmx, sse, sse2, sse3, ssse3, sse4.1, sse4.2, popcnt, aes, clmul, erms, 3dnowpref, lzcnt, ht, tsc, tscinvbit

Memory: 4k page, physical 16624316k(4782856k free), swap 27372472k(7808k free)

vm_info: Java HotSpot(TM) 64-Bit Server VM (25.101-b13) for windows-amd64 JRE (1.8.0_101-b13), built on Jun 22 2016 01:21:29 by "java_re" with MS VC++ 10.0 (VS2010)

time: Mon Aug 02 00:15:25 2021
elapsed time: 7 seconds (0d 0h 0m 7s)

